[17:34:21] tpcc_chance0 (POOL=16GB) :: DATASIZE=8 WORKLOAD=tpc-c PROMO_OPT=0 PROMO_SHARED=0 PROMO_EXCL=0 PROMO_DISPLACE=16
[17:35:09] tpcc_chance4 (POOL=16GB) :: DATASIZE=8 WORKLOAD=tpc-c PROMO_OPT=4 PROMO_SHARED=4 PROMO_EXCL=4 PROMO_DISPLACE=16
[17:35:58] tpcc_chance16 (POOL=16GB) :: DATASIZE=8 WORKLOAD=tpc-c PROMO_OPT=16 PROMO_SHARED=16 PROMO_EXCL=16 PROMO_DISPLACE=16
[17:36:43] tpcc_chance32 (POOL=16GB) :: DATASIZE=8 WORKLOAD=tpc-c PROMO_OPT=32 PROMO_SHARED=32 PROMO_EXCL=32 PROMO_DISPLACE=16
[17:37:28] tpcc_chance128 (POOL=16GB) :: DATASIZE=8 WORKLOAD=tpc-c PROMO_OPT=128 PROMO_SHARED=128 PROMO_EXCL=128 PROMO_DISPLACE=16
[17:38:15] tpcc_chance1024 (POOL=16GB) :: DATASIZE=8 WORKLOAD=tpc-c PROMO_OPT=1024 PROMO_SHARED=1024 PROMO_EXCL=1024 PROMO_DISPLACE=16
[17:39:10] tpcc_cbp (POOL=16GB) :: DATASIZE=8 WORKLOAD=tpc-c PROMO_OPT=32 PROMO_SHARED=32 PROMO_EXCL=32 PROMO_DISPLACE=16 CBP=1
[17:39:55] rndread_chance0 (POOL=8GB) :: DATASIZE=10000000 WORKLOAD=random-read PROMO_OPT=0 PROMO_SHARED=0 PROMO_EXCL=0 PROMO_DISPLACE=16
[!] rndread_chance0 exited non-zero
[17:40:07] rndread_chance4 (POOL=8GB) :: DATASIZE=10000000 WORKLOAD=random-read PROMO_OPT=4 PROMO_SHARED=4 PROMO_EXCL=4 PROMO_DISPLACE=16
[!] rndread_chance4 exited non-zero
[17:40:19] rndread_chance16 (POOL=8GB) :: DATASIZE=10000000 WORKLOAD=random-read PROMO_OPT=16 PROMO_SHARED=16 PROMO_EXCL=16 PROMO_DISPLACE=16
[!] rndread_chance16 exited non-zero
[17:40:31] rndread_chance32 (POOL=8GB) :: DATASIZE=10000000 WORKLOAD=random-read PROMO_OPT=32 PROMO_SHARED=32 PROMO_EXCL=32 PROMO_DISPLACE=16
[!] rndread_chance32 exited non-zero
[17:40:43] rndread_chance128 (POOL=8GB) :: DATASIZE=10000000 WORKLOAD=random-read PROMO_OPT=128 PROMO_SHARED=128 PROMO_EXCL=128 PROMO_DISPLACE=16
[!] rndread_chance128 exited non-zero
[17:40:55] rndread_chance1024 (POOL=8GB) :: DATASIZE=10000000 WORKLOAD=random-read PROMO_OPT=1024 PROMO_SHARED=1024 PROMO_EXCL=1024 PROMO_DISPLACE=16
[!] rndread_chance1024 exited non-zero
[17:41:07] rndread_cbp (POOL=8GB) :: DATASIZE=10000000 WORKLOAD=random-read PROMO_OPT=32 PROMO_SHARED=32 PROMO_EXCL=32 PROMO_DISPLACE=16 CBP=1
[!] rndread_cbp exited non-zero
[17:41:19] ycsb_skewed_chance0 (POOL=8GB) :: DATASIZE=10000000 WORKLOAD=ycsb ZIPF_FACTOR=0.9 OPS_PER_TX=1 READ_RATIO=100 PROMO_OPT=0 PROMO_SHARED=0 PROMO_EXCL=0 PROMO_DISPLACE=16
[17:42:03] ycsb_skewed_chance4 (POOL=8GB) :: DATASIZE=10000000 WORKLOAD=ycsb ZIPF_FACTOR=0.9 OPS_PER_TX=1 READ_RATIO=100 PROMO_OPT=4 PROMO_SHARED=4 PROMO_EXCL=4 PROMO_DISPLACE=16
[17:42:46] ycsb_skewed_chance16 (POOL=8GB) :: DATASIZE=10000000 WORKLOAD=ycsb ZIPF_FACTOR=0.9 OPS_PER_TX=1 READ_RATIO=100 PROMO_OPT=16 PROMO_SHARED=16 PROMO_EXCL=16 PROMO_DISPLACE=16
[17:43:29] ycsb_skewed_chance32 (POOL=8GB) :: DATASIZE=10000000 WORKLOAD=ycsb ZIPF_FACTOR=0.9 OPS_PER_TX=1 READ_RATIO=100 PROMO_OPT=32 PROMO_SHARED=32 PROMO_EXCL=32 PROMO_DISPLACE=16
[17:44:12] ycsb_skewed_chance128 (POOL=8GB) :: DATASIZE=10000000 WORKLOAD=ycsb ZIPF_FACTOR=0.9 OPS_PER_TX=1 READ_RATIO=100 PROMO_OPT=128 PROMO_SHARED=128 PROMO_EXCL=128 PROMO_DISPLACE=16
[17:44:56] ycsb_skewed_chance1024 (POOL=8GB) :: DATASIZE=10000000 WORKLOAD=ycsb ZIPF_FACTOR=0.9 OPS_PER_TX=1 READ_RATIO=100 PROMO_OPT=1024 PROMO_SHARED=1024 PROMO_EXCL=1024 PROMO_DISPLACE=16
[17:45:38] ycsb_skewed_cbp (POOL=8GB) :: DATASIZE=10000000 WORKLOAD=ycsb ZIPF_FACTOR=0.9 OPS_PER_TX=1 READ_RATIO=100 PROMO_OPT=32 PROMO_SHARED=32 PROMO_EXCL=32 PROMO_DISPLACE=16 CBP=1
=== ALL DONE ===
total 16
drwxr-xr-x 2 s_zun212 ys_ms 4096 May  8 17:45 .
drwxr-xr-x 5 s_zun212 ys_ms 4096 May  8 17:44 ..
-rw-r--r-- 1 s_zun212 ys_ms 1706 May  8 17:46 ycsb_skewed_cbp.csv
-rw-r--r-- 1 s_zun212 ys_ms 1706 May  8 17:45 ycsb_skewed_chance1024.csv
