[15:15:19] tpcc_default r1 :: PROMO_OPT=32 PROMO_SHARED=32 PROMO_EXCL=32 PROMO_DISPLACE=16
[15:16:02] tpcc_default r2 :: PROMO_OPT=32 PROMO_SHARED=32 PROMO_EXCL=32 PROMO_DISPLACE=16
[15:16:46] tpcc_default r3 :: PROMO_OPT=32 PROMO_SHARED=32 PROMO_EXCL=32 PROMO_DISPLACE=16
[15:17:29] tpcc_default r4 :: PROMO_OPT=32 PROMO_SHARED=32 PROMO_EXCL=32 PROMO_DISPLACE=16
[15:18:13] tpcc_default r5 :: PROMO_OPT=32 PROMO_SHARED=32 PROMO_EXCL=32 PROMO_DISPLACE=16
[15:18:56] tpcc_tpb_t05_p08 r1 :: PROMO_OPT=32 PROMO_SHARED=32 PROMO_EXCL=32 PROMO_DISPLACE=16 TPB=1 TPB_INIT_LC=5 TPB_PHASE_TOL=5 TPB_PROBE_EVERY=8 CBP_DUMP=/lustre/s_zun212/TPC-C/results/tpb_v4/tpcc_tpb_t05_p08_dump.csv
[15:19:40] tpcc_tpb_t05_p08 r2 :: PROMO_OPT=32 PROMO_SHARED=32 PROMO_EXCL=32 PROMO_DISPLACE=16 TPB=1 TPB_INIT_LC=5 TPB_PHASE_TOL=5 TPB_PROBE_EVERY=8 CBP_DUMP=/lustre/s_zun212/TPC-C/results/tpb_v4/tpcc_tpb_t05_p08_dump.csv
[15:20:23] tpcc_tpb_t05_p08 r3 :: PROMO_OPT=32 PROMO_SHARED=32 PROMO_EXCL=32 PROMO_DISPLACE=16 TPB=1 TPB_INIT_LC=5 TPB_PHASE_TOL=5 TPB_PROBE_EVERY=8 CBP_DUMP=/lustre/s_zun212/TPC-C/results/tpb_v4/tpcc_tpb_t05_p08_dump.csv
[15:21:07] tpcc_tpb_t05_p08 r4 :: PROMO_OPT=32 PROMO_SHARED=32 PROMO_EXCL=32 PROMO_DISPLACE=16 TPB=1 TPB_INIT_LC=5 TPB_PHASE_TOL=5 TPB_PROBE_EVERY=8 CBP_DUMP=/lustre/s_zun212/TPC-C/results/tpb_v4/tpcc_tpb_t05_p08_dump.csv
[15:21:51] tpcc_tpb_t05_p08 r5 :: PROMO_OPT=32 PROMO_SHARED=32 PROMO_EXCL=32 PROMO_DISPLACE=16 TPB=1 TPB_INIT_LC=5 TPB_PHASE_TOL=5 TPB_PROBE_EVERY=8 CBP_DUMP=/lustre/s_zun212/TPC-C/results/tpb_v4/tpcc_tpb_t05_p08_dump.csv
[15:22:35] tpcc_tpb_t100_p08 r1 :: PROMO_OPT=32 PROMO_SHARED=32 PROMO_EXCL=32 PROMO_DISPLACE=16 TPB=1 TPB_INIT_LC=5 TPB_PHASE_TOL=100 TPB_PROBE_EVERY=8 CBP_DUMP=/lustre/s_zun212/TPC-C/results/tpb_v4/tpcc_tpb_t100_p08_dump.csv
[15:23:19] tpcc_tpb_t100_p08 r2 :: PROMO_OPT=32 PROMO_SHARED=32 PROMO_EXCL=32 PROMO_DISPLACE=16 TPB=1 TPB_INIT_LC=5 TPB_PHASE_TOL=100 TPB_PROBE_EVERY=8 CBP_DUMP=/lustre/s_zun212/TPC-C/results/tpb_v4/tpcc_tpb_t100_p08_dump.csv
[15:24:02] tpcc_tpb_t100_p08 r3 :: PROMO_OPT=32 PROMO_SHARED=32 PROMO_EXCL=32 PROMO_DISPLACE=16 TPB=1 TPB_INIT_LC=5 TPB_PHASE_TOL=100 TPB_PROBE_EVERY=8 CBP_DUMP=/lustre/s_zun212/TPC-C/results/tpb_v4/tpcc_tpb_t100_p08_dump.csv
[15:24:45] tpcc_tpb_t100_p08 r4 :: PROMO_OPT=32 PROMO_SHARED=32 PROMO_EXCL=32 PROMO_DISPLACE=16 TPB=1 TPB_INIT_LC=5 TPB_PHASE_TOL=100 TPB_PROBE_EVERY=8 CBP_DUMP=/lustre/s_zun212/TPC-C/results/tpb_v4/tpcc_tpb_t100_p08_dump.csv
[15:25:29] tpcc_tpb_t100_p08 r5 :: PROMO_OPT=32 PROMO_SHARED=32 PROMO_EXCL=32 PROMO_DISPLACE=16 TPB=1 TPB_INIT_LC=5 TPB_PHASE_TOL=100 TPB_PROBE_EVERY=8 CBP_DUMP=/lustre/s_zun212/TPC-C/results/tpb_v4/tpcc_tpb_t100_p08_dump.csv
[15:26:13] tpcc_tpb_t15_p16 r1 :: PROMO_OPT=32 PROMO_SHARED=32 PROMO_EXCL=32 PROMO_DISPLACE=16 TPB=1 TPB_INIT_LC=5 TPB_PHASE_TOL=15 TPB_PROBE_EVERY=16 CBP_DUMP=/lustre/s_zun212/TPC-C/results/tpb_v4/tpcc_tpb_t15_p16_dump.csv
[15:26:56] tpcc_tpb_t15_p16 r2 :: PROMO_OPT=32 PROMO_SHARED=32 PROMO_EXCL=32 PROMO_DISPLACE=16 TPB=1 TPB_INIT_LC=5 TPB_PHASE_TOL=15 TPB_PROBE_EVERY=16 CBP_DUMP=/lustre/s_zun212/TPC-C/results/tpb_v4/tpcc_tpb_t15_p16_dump.csv
[15:27:39] tpcc_tpb_t15_p16 r3 :: PROMO_OPT=32 PROMO_SHARED=32 PROMO_EXCL=32 PROMO_DISPLACE=16 TPB=1 TPB_INIT_LC=5 TPB_PHASE_TOL=15 TPB_PROBE_EVERY=16 CBP_DUMP=/lustre/s_zun212/TPC-C/results/tpb_v4/tpcc_tpb_t15_p16_dump.csv
[15:28:23] tpcc_tpb_t15_p16 r4 :: PROMO_OPT=32 PROMO_SHARED=32 PROMO_EXCL=32 PROMO_DISPLACE=16 TPB=1 TPB_INIT_LC=5 TPB_PHASE_TOL=15 TPB_PROBE_EVERY=16 CBP_DUMP=/lustre/s_zun212/TPC-C/results/tpb_v4/tpcc_tpb_t15_p16_dump.csv
[15:29:08] tpcc_tpb_t15_p16 r5 :: PROMO_OPT=32 PROMO_SHARED=32 PROMO_EXCL=32 PROMO_DISPLACE=16 TPB=1 TPB_INIT_LC=5 TPB_PHASE_TOL=15 TPB_PROBE_EVERY=16 CBP_DUMP=/lustre/s_zun212/TPC-C/results/tpb_v4/tpcc_tpb_t15_p16_dump.csv
[15:29:52] tpcc_tpb_t100_p16 r1 :: PROMO_OPT=32 PROMO_SHARED=32 PROMO_EXCL=32 PROMO_DISPLACE=16 TPB=1 TPB_INIT_LC=5 TPB_PHASE_TOL=100 TPB_PROBE_EVERY=16 CBP_DUMP=/lustre/s_zun212/TPC-C/results/tpb_v4/tpcc_tpb_t100_p16_dump.csv
[15:30:36] tpcc_tpb_t100_p16 r2 :: PROMO_OPT=32 PROMO_SHARED=32 PROMO_EXCL=32 PROMO_DISPLACE=16 TPB=1 TPB_INIT_LC=5 TPB_PHASE_TOL=100 TPB_PROBE_EVERY=16 CBP_DUMP=/lustre/s_zun212/TPC-C/results/tpb_v4/tpcc_tpb_t100_p16_dump.csv
[15:31:20] tpcc_tpb_t100_p16 r3 :: PROMO_OPT=32 PROMO_SHARED=32 PROMO_EXCL=32 PROMO_DISPLACE=16 TPB=1 TPB_INIT_LC=5 TPB_PHASE_TOL=100 TPB_PROBE_EVERY=16 CBP_DUMP=/lustre/s_zun212/TPC-C/results/tpb_v4/tpcc_tpb_t100_p16_dump.csv
[15:32:03] tpcc_tpb_t100_p16 r4 :: PROMO_OPT=32 PROMO_SHARED=32 PROMO_EXCL=32 PROMO_DISPLACE=16 TPB=1 TPB_INIT_LC=5 TPB_PHASE_TOL=100 TPB_PROBE_EVERY=16 CBP_DUMP=/lustre/s_zun212/TPC-C/results/tpb_v4/tpcc_tpb_t100_p16_dump.csv
[15:32:46] tpcc_tpb_t100_p16 r5 :: PROMO_OPT=32 PROMO_SHARED=32 PROMO_EXCL=32 PROMO_DISPLACE=16 TPB=1 TPB_INIT_LC=5 TPB_PHASE_TOL=100 TPB_PROBE_EVERY=16 CBP_DUMP=/lustre/s_zun212/TPC-C/results/tpb_v4/tpcc_tpb_t100_p16_dump.csv
[15:33:30] tpcc_tpb_warm_t100_p16 r1 :: PROMO_OPT=32 PROMO_SHARED=32 PROMO_EXCL=32 PROMO_DISPLACE=16 TPB=1 TPB_INIT_LC=4 TPB_PHASE_TOL=100 TPB_PROBE_EVERY=16 CBP_DUMP=/lustre/s_zun212/TPC-C/results/tpb_v4/tpcc_tpb_warm_t100_p16_dump.csv
[15:34:13] tpcc_tpb_warm_t100_p16 r2 :: PROMO_OPT=32 PROMO_SHARED=32 PROMO_EXCL=32 PROMO_DISPLACE=16 TPB=1 TPB_INIT_LC=4 TPB_PHASE_TOL=100 TPB_PROBE_EVERY=16 CBP_DUMP=/lustre/s_zun212/TPC-C/results/tpb_v4/tpcc_tpb_warm_t100_p16_dump.csv
[15:34:58] tpcc_tpb_warm_t100_p16 r3 :: PROMO_OPT=32 PROMO_SHARED=32 PROMO_EXCL=32 PROMO_DISPLACE=16 TPB=1 TPB_INIT_LC=4 TPB_PHASE_TOL=100 TPB_PROBE_EVERY=16 CBP_DUMP=/lustre/s_zun212/TPC-C/results/tpb_v4/tpcc_tpb_warm_t100_p16_dump.csv
[15:35:42] tpcc_tpb_warm_t100_p16 r4 :: PROMO_OPT=32 PROMO_SHARED=32 PROMO_EXCL=32 PROMO_DISPLACE=16 TPB=1 TPB_INIT_LC=4 TPB_PHASE_TOL=100 TPB_PROBE_EVERY=16 CBP_DUMP=/lustre/s_zun212/TPC-C/results/tpb_v4/tpcc_tpb_warm_t100_p16_dump.csv
[15:36:26] tpcc_tpb_warm_t100_p16 r5 :: PROMO_OPT=32 PROMO_SHARED=32 PROMO_EXCL=32 PROMO_DISPLACE=16 TPB=1 TPB_INIT_LC=4 TPB_PHASE_TOL=100 TPB_PROBE_EVERY=16 CBP_DUMP=/lustre/s_zun212/TPC-C/results/tpb_v4/tpcc_tpb_warm_t100_p16_dump.csv
=== ALL DONE ===
total 148
drwxr-xr-x  2 s_zun212 ys_ms 4096 May 12 15:36 .
drwxr-xr-x 12 s_zun212 ys_ms 4096 May 12 15:15 ..
-rw-r--r--  1 s_zun212 ys_ms 1438 May 12 15:15 tpcc_default_r1.csv
-rw-r--r--  1 s_zun212 ys_ms 1435 May 12 15:16 tpcc_default_r2.csv
-rw-r--r--  1 s_zun212 ys_ms 1437 May 12 15:17 tpcc_default_r3.csv
-rw-r--r--  1 s_zun212 ys_ms 1438 May 12 15:18 tpcc_default_r4.csv
-rw-r--r--  1 s_zun212 ys_ms 1438 May 12 15:18 tpcc_default_r5.csv
-rw-r--r--  1 s_zun212 ys_ms   58 May 12 15:22 tpcc_tpb_t05_p08_dump.csv
-rw-r--r--  1 s_zun212 ys_ms 1438 May 12 15:19 tpcc_tpb_t05_p08_r1.csv
-rw-r--r--  1 s_zun212 ys_ms 1438 May 12 15:20 tpcc_tpb_t05_p08_r2.csv
-rw-r--r--  1 s_zun212 ys_ms 1437 May 12 15:20 tpcc_tpb_t05_p08_r3.csv
-rw-r--r--  1 s_zun212 ys_ms 1438 May 12 15:21 tpcc_tpb_t05_p08_r4.csv
-rw-r--r--  1 s_zun212 ys_ms 1438 May 12 15:22 tpcc_tpb_t05_p08_r5.csv
-rw-r--r--  1 s_zun212 ys_ms   58 May 12 15:26 tpcc_tpb_t100_p08_dump.csv
-rw-r--r--  1 s_zun212 ys_ms 1438 May 12 15:23 tpcc_tpb_t100_p08_r1.csv
-rw-r--r--  1 s_zun212 ys_ms 1438 May 12 15:23 tpcc_tpb_t100_p08_r2.csv
-rw-r--r--  1 s_zun212 ys_ms 1438 May 12 15:24 tpcc_tpb_t100_p08_r3.csv
-rw-r--r--  1 s_zun212 ys_ms 1437 May 12 15:25 tpcc_tpb_t100_p08_r4.csv
-rw-r--r--  1 s_zun212 ys_ms 1438 May 12 15:26 tpcc_tpb_t100_p08_r5.csv
-rw-r--r--  1 s_zun212 ys_ms   58 May 12 15:33 tpcc_tpb_t100_p16_dump.csv
-rw-r--r--  1 s_zun212 ys_ms 1438 May 12 15:30 tpcc_tpb_t100_p16_r1.csv
-rw-r--r--  1 s_zun212 ys_ms 1438 May 12 15:31 tpcc_tpb_t100_p16_r2.csv
-rw-r--r--  1 s_zun212 ys_ms 1438 May 12 15:31 tpcc_tpb_t100_p16_r3.csv
-rw-r--r--  1 s_zun212 ys_ms 1438 May 12 15:32 tpcc_tpb_t100_p16_r4.csv
-rw-r--r--  1 s_zun212 ys_ms 1438 May 12 15:33 tpcc_tpb_t100_p16_r5.csv
-rw-r--r--  1 s_zun212 ys_ms   58 May 12 15:29 tpcc_tpb_t15_p16_dump.csv
-rw-r--r--  1 s_zun212 ys_ms 1438 May 12 15:26 tpcc_tpb_t15_p16_r1.csv
-rw-r--r--  1 s_zun212 ys_ms 1438 May 12 15:27 tpcc_tpb_t15_p16_r2.csv
-rw-r--r--  1 s_zun212 ys_ms 1438 May 12 15:28 tpcc_tpb_t15_p16_r3.csv
-rw-r--r--  1 s_zun212 ys_ms 1438 May 12 15:28 tpcc_tpb_t15_p16_r4.csv
-rw-r--r--  1 s_zun212 ys_ms 1438 May 12 15:29 tpcc_tpb_t15_p16_r5.csv
-rw-r--r--  1 s_zun212 ys_ms   58 May 12 15:37 tpcc_tpb_warm_t100_p16_dump.csv
-rw-r--r--  1 s_zun212 ys_ms 1438 May 12 15:34 tpcc_tpb_warm_t100_p16_r1.csv
-rw-r--r--  1 s_zun212 ys_ms 1437 May 12 15:34 tpcc_tpb_warm_t100_p16_r2.csv
-rw-r--r--  1 s_zun212 ys_ms 1438 May 12 15:35 tpcc_tpb_warm_t100_p16_r3.csv
-rw-r--r--  1 s_zun212 ys_ms 1438 May 12 15:36 tpcc_tpb_warm_t100_p16_r4.csv
-rw-r--r--  1 s_zun212 ys_ms 1438 May 12 15:37 tpcc_tpb_warm_t100_p16_r5.csv
